Feb 01 18:27:46  [info] $Fatal Error Details = Array
(
    [callback] => Array
        (
            [0] => CRM_Core_Error
            [1] => exceptionHandler
        )

    [code] => -2
    [message] => DB Error: syntax error
    [mode] => 16
    [debug_info] => SELECT a.id as `id`, a.contact_id as `contact_id`
FROM civicrm_activity_contact a
LIMIT -1
OFFSET 0
 [nativecode=1064 ** You have an error in your SQL syntax; check the manual that corresponds to your MySQL server version for the right syntax to use near '-1
OFFSET 0' at line 3]
    [type] => DB_Error
    [user_info] => SELECT a.id as `id`, a.contact_id as `contact_id`
FROM civicrm_activity_contact a
LIMIT -1
OFFSET 0
 [nativecode=1064 ** You have an error in your SQL syntax; check the manual that corresponds to your MySQL server version for the right syntax to use near '-1
OFFSET 0' at line 3]
    [to_string] => [db_error: message="DB Error: syntax error" code=-2 mode=callback callback=CRM_Core_Error::exceptionHandler prefix="" info="SELECT a.id as `id`, a.contact_id as `contact_id`
FROM civicrm_activity_contact a
LIMIT -1
OFFSET 0
 [nativecode=1064 ** You have an error in your SQL syntax; check the manual that corresponds to your MySQL server version for the right syntax to use near '-1
OFFSET 0' at line 3]"]
)


Feb 01 18:27:46  [info] $backTrace = #0 /var/www/html/drupalcivicrm/sites/all/modules/civicrm/CRM/Core/Error.php(932): CRM_Core_Error::backtrace("backTrace", TRUE)
#1 /var/www/html/drupalcivicrm/sites/all/modules/civicrm/packages/PEAR.php(921): CRM_Core_Error::exceptionHandler(Object(DB_Error))
#2 /var/www/html/drupalcivicrm/sites/all/modules/civicrm/packages/DB.php(984): PEAR_Error->__construct("DB Error: syntax error", -2, 16, (Array:2), "SELECT a.id as `id`, a.contact_id as `contact_id`\nFROM civicrm_activity_cont...")
#3 /var/www/html/drupalcivicrm/sites/all/modules/civicrm/packages/PEAR.php(575): DB_Error->__construct(-2, 16, (Array:2), "SELECT a.id as `id`, a.contact_id as `contact_id`\nFROM civicrm_activity_cont...")
#4 /var/www/html/drupalcivicrm/sites/all/modules/civicrm/packages/PEAR.php(223): PEAR->_raiseError(Object(DB_mysqli), NULL, -2, 16, (Array:2), "SELECT a.id as `id`, a.contact_id as `contact_id`\nFROM civicrm_activity_cont...", "DB_Error", TRUE)
#5 /var/www/html/drupalcivicrm/sites/all/modules/civicrm/packages/DB/common.php(1905): PEAR->__call("raiseError", (Array:7))
#6 /var/www/html/drupalcivicrm/sites/all/modules/civicrm/packages/DB/mysqli.php(933): DB_common->raiseError(-2, NULL, NULL, "SELECT a.id as `id`, a.contact_id as `contact_id`\nFROM civicrm_activity_cont...", "1064 ** You have an error in your SQL syntax; check the manual that correspon...")
#7 /var/www/html/drupalcivicrm/sites/all/modules/civicrm/packages/DB/mysqli.php(403): DB_mysqli->mysqliRaiseError()
#8 /var/www/html/drupalcivicrm/sites/all/modules/civicrm/packages/DB/common.php(1216): DB_mysqli->simpleQuery("SELECT a.id as `id`, a.contact_id as `contact_id`\nFROM civicrm_activity_cont...")
#9 /var/www/html/drupalcivicrm/sites/all/modules/civicrm/packages/DB/DataObject.php(2438): DB_common->query("SELECT a.id as `id`, a.contact_id as `contact_id`\nFROM civicrm_activity_cont...")
#10 /var/www/html/drupalcivicrm/sites/all/modules/civicrm/packages/DB/DataObject.php(1627): DB_DataObject->_query("SELECT a.id as `id`, a.contact_id as `contact_id`\nFROM civicrm_activity_cont...")
#11 /var/www/html/drupalcivicrm/sites/all/modules/civicrm/CRM/Core/DAO.php(354): DB_DataObject->query("SELECT a.id as `id`, a.contact_id as `contact_id`\nFROM civicrm_activity_cont...")
#12 /var/www/html/drupalcivicrm/sites/all/modules/civicrm/CRM/Core/DAO.php(1297): CRM_Core_DAO->query("SELECT a.id as `id`, a.contact_id as `contact_id`\nFROM civicrm_activity_cont...", TRUE)
#13 /var/www/html/drupalcivicrm/sites/all/modules/civicrm/Civi/API/SelectQuery.php(143): CRM_Core_DAO::executeQuery("SELECT a.id as `id`, a.contact_id as `contact_id`\nFROM civicrm_activity_cont...")
#14 /var/www/html/drupalcivicrm/sites/all/modules/civicrm/api/v3/utils.php(1247): Civi\API\SelectQuery->run()
#15 /var/www/html/drupalcivicrm/sites/all/modules/civicrm/api/v3/ActivityContact.php(81): _civicrm_api3_basic_get("CRM_Activity_BAO_ActivityContact", (Array:5))
#16 /var/www/html/drupalcivicrm/sites/all/modules/civicrm/Civi/API/Provider/MagicFunctionProvider.php(89): civicrm_api3_activity_contact_get((Array:5))
#17 /var/www/html/drupalcivicrm/sites/all/modules/civicrm/Civi/API/Kernel.php(161): Civi\API\Provider\MagicFunctionProvider->invoke((Array:9))
#18 /var/www/html/drupalcivicrm/sites/all/modules/civicrm/Civi/API/Kernel.php(92): Civi\API\Kernel->runRequest((Array:9))
#19 /var/www/html/drupalcivicrm/sites/all/modules/civicrm/api/api.php(23): Civi\API\Kernel->runSafe("ActivityContact", "get", (Array:5), NULL)
#20 /var/www/html/drupalcivicrm/sites/all/modules/civicrm/CRM/Utils/REST.php(404): civicrm_api("ActivityContact", "get", (Array:5))
#21 /var/www/html/drupalcivicrm/sites/all/modules/civicrm/CRM/Utils/REST.php(641): CRM_Utils_REST::process((Array:3), (Array:5))
#22 /var/www/html/drupalcivicrm/sites/all/modules/civicrm/CRM/Core/Invoke.php(276): CRM_Utils_REST::ajax()
#23 /var/www/html/drupalcivicrm/sites/all/modules/civicrm/CRM/Core/Invoke.php(84): CRM_Core_Invoke::runItem((Array:12))
#24 /var/www/html/drupalcivicrm/sites/all/modules/civicrm/CRM/Core/Invoke.php(52): CRM_Core_Invoke::_invoke((Array:3))
#25 /var/www/html/drupalcivicrm/sites/all/modules/civicrm/drupal/civicrm.module(448): CRM_Core_Invoke::invoke((Array:3))
#26 /var/www/html/drupalcivicrm/includes/menu.inc(527): civicrm_invoke("ajax", "rest")
#27 /var/www/html/drupalcivicrm/index.php(21): menu_execute_active_handler()
#28 {main}


Feb 01 18:28:02  [info] $Fatal Error Details = Array
(
    [callback] => Array
        (
            [0] => CRM_Core_Error
            [1] => exceptionHandler
        )

    [code] => -2
    [message] => DB Error: syntax error
    [mode] => 16
    [debug_info] => SELECT a.id as `id`, a.contact_id as `contact_id`
FROM civicrm_activity_contact a
LIMIT -1
OFFSET 0
 [nativecode=1064 ** You have an error in your SQL syntax; check the manual that corresponds to your MySQL server version for the right syntax to use near '-1
OFFSET 0' at line 3]
    [type] => DB_Error
    [user_info] => SELECT a.id as `id`, a.contact_id as `contact_id`
FROM civicrm_activity_contact a
LIMIT -1
OFFSET 0
 [nativecode=1064 ** You have an error in your SQL syntax; check the manual that corresponds to your MySQL server version for the right syntax to use near '-1
OFFSET 0' at line 3]
    [to_string] => [db_error: message="DB Error: syntax error" code=-2 mode=callback callback=CRM_Core_Error::exceptionHandler prefix="" info="SELECT a.id as `id`, a.contact_id as `contact_id`
FROM civicrm_activity_contact a
LIMIT -1
OFFSET 0
 [nativecode=1064 ** You have an error in your SQL syntax; check the manual that corresponds to your MySQL server version for the right syntax to use near '-1
OFFSET 0' at line 3]"]
)


Feb 01 18:28:02  [info] $backTrace = #0 /var/www/html/drupalcivicrm/sites/all/modules/civicrm/CRM/Core/Error.php(932): CRM_Core_Error::backtrace("backTrace", TRUE)
#1 /var/www/html/drupalcivicrm/sites/all/modules/civicrm/packages/PEAR.php(921): CRM_Core_Error::exceptionHandler(Object(DB_Error))
#2 /var/www/html/drupalcivicrm/sites/all/modules/civicrm/packages/DB.php(984): PEAR_Error->__construct("DB Error: syntax error", -2, 16, (Array:2), "SELECT a.id as `id`, a.contact_id as `contact_id`\nFROM civicrm_activity_cont...")
#3 /var/www/html/drupalcivicrm/sites/all/modules/civicrm/packages/PEAR.php(575): DB_Error->__construct(-2, 16, (Array:2), "SELECT a.id as `id`, a.contact_id as `contact_id`\nFROM civicrm_activity_cont...")
#4 /var/www/html/drupalcivicrm/sites/all/modules/civicrm/packages/PEAR.php(223): PEAR->_raiseError(Object(DB_mysqli), NULL, -2, 16, (Array:2), "SELECT a.id as `id`, a.contact_id as `contact_id`\nFROM civicrm_activity_cont...", "DB_Error", TRUE)
#5 /var/www/html/drupalcivicrm/sites/all/modules/civicrm/packages/DB/common.php(1905): PEAR->__call("raiseError", (Array:7))
#6 /var/www/html/drupalcivicrm/sites/all/modules/civicrm/packages/DB/mysqli.php(933): DB_common->raiseError(-2, NULL, NULL, "SELECT a.id as `id`, a.contact_id as `contact_id`\nFROM civicrm_activity_cont...", "1064 ** You have an error in your SQL syntax; check the manual that correspon...")
#7 /var/www/html/drupalcivicrm/sites/all/modules/civicrm/packages/DB/mysqli.php(403): DB_mysqli->mysqliRaiseError()
#8 /var/www/html/drupalcivicrm/sites/all/modules/civicrm/packages/DB/common.php(1216): DB_mysqli->simpleQuery("SELECT a.id as `id`, a.contact_id as `contact_id`\nFROM civicrm_activity_cont...")
#9 /var/www/html/drupalcivicrm/sites/all/modules/civicrm/packages/DB/DataObject.php(2438): DB_common->query("SELECT a.id as `id`, a.contact_id as `contact_id`\nFROM civicrm_activity_cont...")
#10 /var/www/html/drupalcivicrm/sites/all/modules/civicrm/packages/DB/DataObject.php(1627): DB_DataObject->_query("SELECT a.id as `id`, a.contact_id as `contact_id`\nFROM civicrm_activity_cont...")
#11 /var/www/html/drupalcivicrm/sites/all/modules/civicrm/CRM/Core/DAO.php(354): DB_DataObject->query("SELECT a.id as `id`, a.contact_id as `contact_id`\nFROM civicrm_activity_cont...")
#12 /var/www/html/drupalcivicrm/sites/all/modules/civicrm/CRM/Core/DAO.php(1297): CRM_Core_DAO->query("SELECT a.id as `id`, a.contact_id as `contact_id`\nFROM civicrm_activity_cont...", TRUE)
#13 /var/www/html/drupalcivicrm/sites/all/modules/civicrm/Civi/API/SelectQuery.php(143): CRM_Core_DAO::executeQuery("SELECT a.id as `id`, a.contact_id as `contact_id`\nFROM civicrm_activity_cont...")
#14 /var/www/html/drupalcivicrm/sites/all/modules/civicrm/api/v3/utils.php(1247): Civi\API\SelectQuery->run()
#15 /var/www/html/drupalcivicrm/sites/all/modules/civicrm/api/v3/ActivityContact.php(81): _civicrm_api3_basic_get("CRM_Activity_BAO_ActivityContact", (Array:5))
#16 /var/www/html/drupalcivicrm/sites/all/modules/civicrm/Civi/API/Provider/MagicFunctionProvider.php(89): civicrm_api3_activity_contact_get((Array:5))
#17 /var/www/html/drupalcivicrm/sites/all/modules/civicrm/Civi/API/Kernel.php(161): Civi\API\Provider\MagicFunctionProvider->invoke((Array:9))
#18 /var/www/html/drupalcivicrm/sites/all/modules/civicrm/Civi/API/Kernel.php(92): Civi\API\Kernel->runRequest((Array:9))
#19 /var/www/html/drupalcivicrm/sites/all/modules/civicrm/api/api.php(23): Civi\API\Kernel->runSafe("ActivityContact", "get", (Array:5), NULL)
#20 /var/www/html/drupalcivicrm/sites/all/modules/civicrm/CRM/Utils/REST.php(404): civicrm_api("ActivityContact", "get", (Array:5))
#21 /var/www/html/drupalcivicrm/sites/all/modules/civicrm/CRM/Utils/REST.php(641): CRM_Utils_REST::process((Array:3), (Array:5))
#22 /var/www/html/drupalcivicrm/sites/all/modules/civicrm/CRM/Core/Invoke.php(276): CRM_Utils_REST::ajax()
#23 /var/www/html/drupalcivicrm/sites/all/modules/civicrm/CRM/Core/Invoke.php(84): CRM_Core_Invoke::runItem((Array:12))
#24 /var/www/html/drupalcivicrm/sites/all/modules/civicrm/CRM/Core/Invoke.php(52): CRM_Core_Invoke::_invoke((Array:3))
#25 /var/www/html/drupalcivicrm/sites/all/modules/civicrm/drupal/civicrm.module(448): CRM_Core_Invoke::invoke((Array:3))
#26 /var/www/html/drupalcivicrm/includes/menu.inc(527): civicrm_invoke("ajax", "rest")
#27 /var/www/html/drupalcivicrm/index.php(21): menu_execute_active_handler()
#28 {main}


Feb 01 18:28:50  [info] $Fatal Error Details = Array
(
    [callback] => Array
        (
            [0] => CRM_Core_Error
            [1] => exceptionHandler
        )

    [code] => -2
    [message] => DB Error: syntax error
    [mode] => 16
    [debug_info] => SELECT a.id as `id`, a.contact_id as `contact_id`
FROM civicrm_activity_contact a
LIMIT -1
OFFSET 0
 [nativecode=1064 ** You have an error in your SQL syntax; check the manual that corresponds to your MySQL server version for the right syntax to use near '-1
OFFSET 0' at line 3]
    [type] => DB_Error
    [user_info] => SELECT a.id as `id`, a.contact_id as `contact_id`
FROM civicrm_activity_contact a
LIMIT -1
OFFSET 0
 [nativecode=1064 ** You have an error in your SQL syntax; check the manual that corresponds to your MySQL server version for the right syntax to use near '-1
OFFSET 0' at line 3]
    [to_string] => [db_error: message="DB Error: syntax error" code=-2 mode=callback callback=CRM_Core_Error::exceptionHandler prefix="" info="SELECT a.id as `id`, a.contact_id as `contact_id`
FROM civicrm_activity_contact a
LIMIT -1
OFFSET 0
 [nativecode=1064 ** You have an error in your SQL syntax; check the manual that corresponds to your MySQL server version for the right syntax to use near '-1
OFFSET 0' at line 3]"]
)


Feb 01 18:28:50  [info] $backTrace = #0 /var/www/html/drupalcivicrm/sites/all/modules/civicrm/CRM/Core/Error.php(932): CRM_Core_Error::backtrace("backTrace", TRUE)
#1 /var/www/html/drupalcivicrm/sites/all/modules/civicrm/packages/PEAR.php(921): CRM_Core_Error::exceptionHandler(Object(DB_Error))
#2 /var/www/html/drupalcivicrm/sites/all/modules/civicrm/packages/DB.php(984): PEAR_Error->__construct("DB Error: syntax error", -2, 16, (Array:2), "SELECT a.id as `id`, a.contact_id as `contact_id`\nFROM civicrm_activity_cont...")
#3 /var/www/html/drupalcivicrm/sites/all/modules/civicrm/packages/PEAR.php(575): DB_Error->__construct(-2, 16, (Array:2), "SELECT a.id as `id`, a.contact_id as `contact_id`\nFROM civicrm_activity_cont...")
#4 /var/www/html/drupalcivicrm/sites/all/modules/civicrm/packages/PEAR.php(223): PEAR->_raiseError(Object(DB_mysqli), NULL, -2, 16, (Array:2), "SELECT a.id as `id`, a.contact_id as `contact_id`\nFROM civicrm_activity_cont...", "DB_Error", TRUE)
#5 /var/www/html/drupalcivicrm/sites/all/modules/civicrm/packages/DB/common.php(1905): PEAR->__call("raiseError", (Array:7))
#6 /var/www/html/drupalcivicrm/sites/all/modules/civicrm/packages/DB/mysqli.php(933): DB_common->raiseError(-2, NULL, NULL, "SELECT a.id as `id`, a.contact_id as `contact_id`\nFROM civicrm_activity_cont...", "1064 ** You have an error in your SQL syntax; check the manual that correspon...")
#7 /var/www/html/drupalcivicrm/sites/all/modules/civicrm/packages/DB/mysqli.php(403): DB_mysqli->mysqliRaiseError()
#8 /var/www/html/drupalcivicrm/sites/all/modules/civicrm/packages/DB/common.php(1216): DB_mysqli->simpleQuery("SELECT a.id as `id`, a.contact_id as `contact_id`\nFROM civicrm_activity_cont...")
#9 /var/www/html/drupalcivicrm/sites/all/modules/civicrm/packages/DB/DataObject.php(2438): DB_common->query("SELECT a.id as `id`, a.contact_id as `contact_id`\nFROM civicrm_activity_cont...")
#10 /var/www/html/drupalcivicrm/sites/all/modules/civicrm/packages/DB/DataObject.php(1627): DB_DataObject->_query("SELECT a.id as `id`, a.contact_id as `contact_id`\nFROM civicrm_activity_cont...")
#11 /var/www/html/drupalcivicrm/sites/all/modules/civicrm/CRM/Core/DAO.php(354): DB_DataObject->query("SELECT a.id as `id`, a.contact_id as `contact_id`\nFROM civicrm_activity_cont...")
#12 /var/www/html/drupalcivicrm/sites/all/modules/civicrm/CRM/Core/DAO.php(1297): CRM_Core_DAO->query("SELECT a.id as `id`, a.contact_id as `contact_id`\nFROM civicrm_activity_cont...", TRUE)
#13 /var/www/html/drupalcivicrm/sites/all/modules/civicrm/Civi/API/SelectQuery.php(143): CRM_Core_DAO::executeQuery("SELECT a.id as `id`, a.contact_id as `contact_id`\nFROM civicrm_activity_cont...")
#14 /var/www/html/drupalcivicrm/sites/all/modules/civicrm/api/v3/utils.php(1247): Civi\API\SelectQuery->run()
#15 /var/www/html/drupalcivicrm/sites/all/modules/civicrm/api/v3/ActivityContact.php(81): _civicrm_api3_basic_get("CRM_Activity_BAO_ActivityContact", (Array:5))
#16 /var/www/html/drupalcivicrm/sites/all/modules/civicrm/Civi/API/Provider/MagicFunctionProvider.php(89): civicrm_api3_activity_contact_get((Array:5))
#17 /var/www/html/drupalcivicrm/sites/all/modules/civicrm/Civi/API/Kernel.php(161): Civi\API\Provider\MagicFunctionProvider->invoke((Array:9))
#18 /var/www/html/drupalcivicrm/sites/all/modules/civicrm/Civi/API/Kernel.php(92): Civi\API\Kernel->runRequest((Array:9))
#19 /var/www/html/drupalcivicrm/sites/all/modules/civicrm/api/api.php(23): Civi\API\Kernel->runSafe("ActivityContact", "get", (Array:5), NULL)
#20 /var/www/html/drupalcivicrm/sites/all/modules/civicrm/CRM/Utils/REST.php(404): civicrm_api("ActivityContact", "get", (Array:5))
#21 /var/www/html/drupalcivicrm/sites/all/modules/civicrm/CRM/Utils/REST.php(641): CRM_Utils_REST::process((Array:3), (Array:5))
#22 /var/www/html/drupalcivicrm/sites/all/modules/civicrm/CRM/Core/Invoke.php(276): CRM_Utils_REST::ajax()
#23 /var/www/html/drupalcivicrm/sites/all/modules/civicrm/CRM/Core/Invoke.php(84): CRM_Core_Invoke::runItem((Array:12))
#24 /var/www/html/drupalcivicrm/sites/all/modules/civicrm/CRM/Core/Invoke.php(52): CRM_Core_Invoke::_invoke((Array:3))
#25 /var/www/html/drupalcivicrm/sites/all/modules/civicrm/drupal/civicrm.module(448): CRM_Core_Invoke::invoke((Array:3))
#26 /var/www/html/drupalcivicrm/includes/menu.inc(527): civicrm_invoke("ajax", "rest")
#27 /var/www/html/drupalcivicrm/index.php(21): menu_execute_active_handler()
#28 {main}


Feb 01 18:30:07  [info] $Fatal Error Details = Array
(
    [callback] => Array
        (
            [0] => CRM_Core_Error
            [1] => exceptionHandler
        )

    [code] => -2
    [message] => DB Error: syntax error
    [mode] => 16
    [debug_info] => SELECT a.id as `id`
FROM civicrm_activity_contact a
WHERE (`a`.`contact_id` = "1")
LIMIT -1
OFFSET 0
 [nativecode=1064 ** You have an error in your SQL syntax; check the manual that corresponds to your MySQL server version for the right syntax to use near '-1
OFFSET 0' at line 4]
    [type] => DB_Error
    [user_info] => SELECT a.id as `id`
FROM civicrm_activity_contact a
WHERE (`a`.`contact_id` = "1")
LIMIT -1
OFFSET 0
 [nativecode=1064 ** You have an error in your SQL syntax; check the manual that corresponds to your MySQL server version for the right syntax to use near '-1
OFFSET 0' at line 4]
    [to_string] => [db_error: message="DB Error: syntax error" code=-2 mode=callback callback=CRM_Core_Error::exceptionHandler prefix="" info="SELECT a.id as `id`
FROM civicrm_activity_contact a
WHERE (`a`.`contact_id` = "1")
LIMIT -1
OFFSET 0
 [nativecode=1064 ** You have an error in your SQL syntax; check the manual that corresponds to your MySQL server version for the right syntax to use near '-1
OFFSET 0' at line 4]"]
)


Feb 01 18:30:07  [info] $backTrace = #0 /var/www/html/drupalcivicrm/sites/all/modules/civicrm/CRM/Core/Error.php(932): CRM_Core_Error::backtrace("backTrace", TRUE)
#1 /var/www/html/drupalcivicrm/sites/all/modules/civicrm/packages/PEAR.php(921): CRM_Core_Error::exceptionHandler(Object(DB_Error))
#2 /var/www/html/drupalcivicrm/sites/all/modules/civicrm/packages/DB.php(984): PEAR_Error->__construct("DB Error: syntax error", -2, 16, (Array:2), "SELECT a.id as `id`\nFROM civicrm_activity_contact a\nWHERE (`a`.`contact_id`...")
#3 /var/www/html/drupalcivicrm/sites/all/modules/civicrm/packages/PEAR.php(575): DB_Error->__construct(-2, 16, (Array:2), "SELECT a.id as `id`\nFROM civicrm_activity_contact a\nWHERE (`a`.`contact_id`...")
#4 /var/www/html/drupalcivicrm/sites/all/modules/civicrm/packages/PEAR.php(223): PEAR->_raiseError(Object(DB_mysqli), NULL, -2, 16, (Array:2), "SELECT a.id as `id`\nFROM civicrm_activity_contact a\nWHERE (`a`.`contact_id`...", "DB_Error", TRUE)
#5 /var/www/html/drupalcivicrm/sites/all/modules/civicrm/packages/DB/common.php(1905): PEAR->__call("raiseError", (Array:7))
#6 /var/www/html/drupalcivicrm/sites/all/modules/civicrm/packages/DB/mysqli.php(933): DB_common->raiseError(-2, NULL, NULL, "SELECT a.id as `id`\nFROM civicrm_activity_contact a\nWHERE (`a`.`contact_id`...", "1064 ** You have an error in your SQL syntax; check the manual that correspon...")
#7 /var/www/html/drupalcivicrm/sites/all/modules/civicrm/packages/DB/mysqli.php(403): DB_mysqli->mysqliRaiseError()
#8 /var/www/html/drupalcivicrm/sites/all/modules/civicrm/packages/DB/common.php(1216): DB_mysqli->simpleQuery("SELECT a.id as `id`\nFROM civicrm_activity_contact a\nWHERE (`a`.`contact_id`...")
#9 /var/www/html/drupalcivicrm/sites/all/modules/civicrm/packages/DB/DataObject.php(2438): DB_common->query("SELECT a.id as `id`\nFROM civicrm_activity_contact a\nWHERE (`a`.`contact_id`...")
#10 /var/www/html/drupalcivicrm/sites/all/modules/civicrm/packages/DB/DataObject.php(1627): DB_DataObject->_query("SELECT a.id as `id`\nFROM civicrm_activity_contact a\nWHERE (`a`.`contact_id`...")
#11 /var/www/html/drupalcivicrm/sites/all/modules/civicrm/CRM/Core/DAO.php(354): DB_DataObject->query("SELECT a.id as `id`\nFROM civicrm_activity_contact a\nWHERE (`a`.`contact_id`...")
#12 /var/www/html/drupalcivicrm/sites/all/modules/civicrm/CRM/Core/DAO.php(1297): CRM_Core_DAO->query("SELECT a.id as `id`\nFROM civicrm_activity_contact a\nWHERE (`a`.`contact_id`...", TRUE)
#13 /var/www/html/drupalcivicrm/sites/all/modules/civicrm/Civi/API/SelectQuery.php(143): CRM_Core_DAO::executeQuery("SELECT a.id as `id`\nFROM civicrm_activity_contact a\nWHERE (`a`.`contact_id`...")
#14 /var/www/html/drupalcivicrm/sites/all/modules/civicrm/api/v3/utils.php(1247): Civi\API\SelectQuery->run()
#15 /var/www/html/drupalcivicrm/sites/all/modules/civicrm/api/v3/ActivityContact.php(81): _civicrm_api3_basic_get("CRM_Activity_BAO_ActivityContact", (Array:6))
#16 /var/www/html/drupalcivicrm/sites/all/modules/civicrm/Civi/API/Provider/MagicFunctionProvider.php(89): civicrm_api3_activity_contact_get((Array:6))
#17 /var/www/html/drupalcivicrm/sites/all/modules/civicrm/Civi/API/Kernel.php(161): Civi\API\Provider\MagicFunctionProvider->invoke((Array:9))
#18 /var/www/html/drupalcivicrm/sites/all/modules/civicrm/Civi/API/Kernel.php(92): Civi\API\Kernel->runRequest((Array:9))
#19 /var/www/html/drupalcivicrm/sites/all/modules/civicrm/api/api.php(23): Civi\API\Kernel->runSafe("ActivityContact", "get", (Array:6), NULL)
#20 /var/www/html/drupalcivicrm/sites/all/modules/civicrm/CRM/Utils/REST.php(404): civicrm_api("ActivityContact", "get", (Array:6))
#21 /var/www/html/drupalcivicrm/sites/all/modules/civicrm/CRM/Utils/REST.php(641): CRM_Utils_REST::process((Array:3), (Array:6))
#22 /var/www/html/drupalcivicrm/sites/all/modules/civicrm/CRM/Core/Invoke.php(276): CRM_Utils_REST::ajax()
#23 /var/www/html/drupalcivicrm/sites/all/modules/civicrm/CRM/Core/Invoke.php(84): CRM_Core_Invoke::runItem((Array:12))
#24 /var/www/html/drupalcivicrm/sites/all/modules/civicrm/CRM/Core/Invoke.php(52): CRM_Core_Invoke::_invoke((Array:3))
#25 /var/www/html/drupalcivicrm/sites/all/modules/civicrm/drupal/civicrm.module(448): CRM_Core_Invoke::invoke((Array:3))
#26 /var/www/html/drupalcivicrm/includes/menu.inc(527): civicrm_invoke("ajax", "rest")
#27 /var/www/html/drupalcivicrm/index.php(21): menu_execute_active_handler()
#28 {main}


Feb 01 18:30:35  [info] $Fatal Error Details = Array
(
    [callback] => Array
        (
            [0] => CRM_Core_Error
            [1] => exceptionHandler
        )

    [code] => -2
    [message] => DB Error: syntax error
    [mode] => 16
    [debug_info] => SELECT a.id as `id`
FROM civicrm_activity_contact a
WHERE (`a`.`contact_id` = "1")
LIMIT -1
OFFSET 0
 [nativecode=1064 ** You have an error in your SQL syntax; check the manual that corresponds to your MySQL server version for the right syntax to use near '-1
OFFSET 0' at line 4]
    [type] => DB_Error
    [user_info] => SELECT a.id as `id`
FROM civicrm_activity_contact a
WHERE (`a`.`contact_id` = "1")
LIMIT -1
OFFSET 0
 [nativecode=1064 ** You have an error in your SQL syntax; check the manual that corresponds to your MySQL server version for the right syntax to use near '-1
OFFSET 0' at line 4]
    [to_string] => [db_error: message="DB Error: syntax error" code=-2 mode=callback callback=CRM_Core_Error::exceptionHandler prefix="" info="SELECT a.id as `id`
FROM civicrm_activity_contact a
WHERE (`a`.`contact_id` = "1")
LIMIT -1
OFFSET 0
 [nativecode=1064 ** You have an error in your SQL syntax; check the manual that corresponds to your MySQL server version for the right syntax to use near '-1
OFFSET 0' at line 4]"]
)


Feb 01 18:30:35  [info] $backTrace = #0 /var/www/html/drupalcivicrm/sites/all/modules/civicrm/CRM/Core/Error.php(932): CRM_Core_Error::backtrace("backTrace", TRUE)
#1 /var/www/html/drupalcivicrm/sites/all/modules/civicrm/packages/PEAR.php(921): CRM_Core_Error::exceptionHandler(Object(DB_Error))
#2 /var/www/html/drupalcivicrm/sites/all/modules/civicrm/packages/DB.php(984): PEAR_Error->__construct("DB Error: syntax error", -2, 16, (Array:2), "SELECT a.id as `id`\nFROM civicrm_activity_contact a\nWHERE (`a`.`contact_id`...")
#3 /var/www/html/drupalcivicrm/sites/all/modules/civicrm/packages/PEAR.php(575): DB_Error->__construct(-2, 16, (Array:2), "SELECT a.id as `id`\nFROM civicrm_activity_contact a\nWHERE (`a`.`contact_id`...")
#4 /var/www/html/drupalcivicrm/sites/all/modules/civicrm/packages/PEAR.php(223): PEAR->_raiseError(Object(DB_mysqli), NULL, -2, 16, (Array:2), "SELECT a.id as `id`\nFROM civicrm_activity_contact a\nWHERE (`a`.`contact_id`...", "DB_Error", TRUE)
#5 /var/www/html/drupalcivicrm/sites/all/modules/civicrm/packages/DB/common.php(1905): PEAR->__call("raiseError", (Array:7))
#6 /var/www/html/drupalcivicrm/sites/all/modules/civicrm/packages/DB/mysqli.php(933): DB_common->raiseError(-2, NULL, NULL, "SELECT a.id as `id`\nFROM civicrm_activity_contact a\nWHERE (`a`.`contact_id`...", "1064 ** You have an error in your SQL syntax; check the manual that correspon...")
#7 /var/www/html/drupalcivicrm/sites/all/modules/civicrm/packages/DB/mysqli.php(403): DB_mysqli->mysqliRaiseError()
#8 /var/www/html/drupalcivicrm/sites/all/modules/civicrm/packages/DB/common.php(1216): DB_mysqli->simpleQuery("SELECT a.id as `id`\nFROM civicrm_activity_contact a\nWHERE (`a`.`contact_id`...")
#9 /var/www/html/drupalcivicrm/sites/all/modules/civicrm/packages/DB/DataObject.php(2438): DB_common->query("SELECT a.id as `id`\nFROM civicrm_activity_contact a\nWHERE (`a`.`contact_id`...")
#10 /var/www/html/drupalcivicrm/sites/all/modules/civicrm/packages/DB/DataObject.php(1627): DB_DataObject->_query("SELECT a.id as `id`\nFROM civicrm_activity_contact a\nWHERE (`a`.`contact_id`...")
#11 /var/www/html/drupalcivicrm/sites/all/modules/civicrm/CRM/Core/DAO.php(354): DB_DataObject->query("SELECT a.id as `id`\nFROM civicrm_activity_contact a\nWHERE (`a`.`contact_id`...")
#12 /var/www/html/drupalcivicrm/sites/all/modules/civicrm/CRM/Core/DAO.php(1297): CRM_Core_DAO->query("SELECT a.id as `id`\nFROM civicrm_activity_contact a\nWHERE (`a`.`contact_id`...", TRUE)
#13 /var/www/html/drupalcivicrm/sites/all/modules/civicrm/Civi/API/SelectQuery.php(143): CRM_Core_DAO::executeQuery("SELECT a.id as `id`\nFROM civicrm_activity_contact a\nWHERE (`a`.`contact_id`...")
#14 /var/www/html/drupalcivicrm/sites/all/modules/civicrm/api/v3/utils.php(1247): Civi\API\SelectQuery->run()
#15 /var/www/html/drupalcivicrm/sites/all/modules/civicrm/api/v3/ActivityContact.php(81): _civicrm_api3_basic_get("CRM_Activity_BAO_ActivityContact", (Array:7))
#16 /var/www/html/drupalcivicrm/sites/all/modules/civicrm/Civi/API/Provider/MagicFunctionProvider.php(89): civicrm_api3_activity_contact_get((Array:7))
#17 /var/www/html/drupalcivicrm/sites/all/modules/civicrm/Civi/API/Kernel.php(161): Civi\API\Provider\MagicFunctionProvider->invoke((Array:9))
#18 /var/www/html/drupalcivicrm/sites/all/modules/civicrm/Civi/API/Kernel.php(92): Civi\API\Kernel->runRequest((Array:9))
#19 /var/www/html/drupalcivicrm/sites/all/modules/civicrm/api/api.php(23): Civi\API\Kernel->runSafe("ActivityContact", "get", (Array:7), NULL)
#20 /var/www/html/drupalcivicrm/sites/all/modules/civicrm/CRM/Utils/REST.php(404): civicrm_api("ActivityContact", "get", (Array:7))
#21 /var/www/html/drupalcivicrm/sites/all/modules/civicrm/CRM/Utils/REST.php(641): CRM_Utils_REST::process((Array:3), (Array:7))
#22 /var/www/html/drupalcivicrm/sites/all/modules/civicrm/CRM/Core/Invoke.php(276): CRM_Utils_REST::ajax()
#23 /var/www/html/drupalcivicrm/sites/all/modules/civicrm/CRM/Core/Invoke.php(84): CRM_Core_Invoke::runItem((Array:12))
#24 /var/www/html/drupalcivicrm/sites/all/modules/civicrm/CRM/Core/Invoke.php(52): CRM_Core_Invoke::_invoke((Array:3))
#25 /var/www/html/drupalcivicrm/sites/all/modules/civicrm/drupal/civicrm.module(448): CRM_Core_Invoke::invoke((Array:3))
#26 /var/www/html/drupalcivicrm/includes/menu.inc(527): civicrm_invoke("ajax", "rest")
#27 /var/www/html/drupalcivicrm/index.php(21): menu_execute_active_handler()
#28 {main}


Feb 01 18:32:41  [info] $Fatal Error Details = Array
(
    [callback] => Array
        (
            [0] => CRM_Core_Error
            [1] => exceptionHandler
        )

    [code] => -2
    [message] => DB Error: syntax error
    [mode] => 16
    [debug_info] => SELECT a.id as `id`
FROM civicrm_activity_contact a
WHERE (`a`.`contact_id` = "1")
LIMIT -1
OFFSET 0
 [nativecode=1064 ** You have an error in your SQL syntax; check the manual that corresponds to your MySQL server version for the right syntax to use near '-1
OFFSET 0' at line 4]
    [type] => DB_Error
    [user_info] => SELECT a.id as `id`
FROM civicrm_activity_contact a
WHERE (`a`.`contact_id` = "1")
LIMIT -1
OFFSET 0
 [nativecode=1064 ** You have an error in your SQL syntax; check the manual that corresponds to your MySQL server version for the right syntax to use near '-1
OFFSET 0' at line 4]
    [to_string] => [db_error: message="DB Error: syntax error" code=-2 mode=callback callback=CRM_Core_Error::exceptionHandler prefix="" info="SELECT a.id as `id`
FROM civicrm_activity_contact a
WHERE (`a`.`contact_id` = "1")
LIMIT -1
OFFSET 0
 [nativecode=1064 ** You have an error in your SQL syntax; check the manual that corresponds to your MySQL server version for the right syntax to use near '-1
OFFSET 0' at line 4]"]
)


Feb 01 18:32:41  [info] $backTrace = #0 /var/www/html/drupalcivicrm/sites/all/modules/civicrm/CRM/Core/Error.php(932): CRM_Core_Error::backtrace("backTrace", TRUE)
#1 /var/www/html/drupalcivicrm/sites/all/modules/civicrm/packages/PEAR.php(921): CRM_Core_Error::exceptionHandler(Object(DB_Error))
#2 /var/www/html/drupalcivicrm/sites/all/modules/civicrm/packages/DB.php(984): PEAR_Error->__construct("DB Error: syntax error", -2, 16, (Array:2), "SELECT a.id as `id`\nFROM civicrm_activity_contact a\nWHERE (`a`.`contact_id`...")
#3 /var/www/html/drupalcivicrm/sites/all/modules/civicrm/packages/PEAR.php(575): DB_Error->__construct(-2, 16, (Array:2), "SELECT a.id as `id`\nFROM civicrm_activity_contact a\nWHERE (`a`.`contact_id`...")
#4 /var/www/html/drupalcivicrm/sites/all/modules/civicrm/packages/PEAR.php(223): PEAR->_raiseError(Object(DB_mysqli), NULL, -2, 16, (Array:2), "SELECT a.id as `id`\nFROM civicrm_activity_contact a\nWHERE (`a`.`contact_id`...", "DB_Error", TRUE)
#5 /var/www/html/drupalcivicrm/sites/all/modules/civicrm/packages/DB/common.php(1905): PEAR->__call("raiseError", (Array:7))
#6 /var/www/html/drupalcivicrm/sites/all/modules/civicrm/packages/DB/mysqli.php(933): DB_common->raiseError(-2, NULL, NULL, "SELECT a.id as `id`\nFROM civicrm_activity_contact a\nWHERE (`a`.`contact_id`...", "1064 ** You have an error in your SQL syntax; check the manual that correspon...")
#7 /var/www/html/drupalcivicrm/sites/all/modules/civicrm/packages/DB/mysqli.php(403): DB_mysqli->mysqliRaiseError()
#8 /var/www/html/drupalcivicrm/sites/all/modules/civicrm/packages/DB/common.php(1216): DB_mysqli->simpleQuery("SELECT a.id as `id`\nFROM civicrm_activity_contact a\nWHERE (`a`.`contact_id`...")
#9 /var/www/html/drupalcivicrm/sites/all/modules/civicrm/packages/DB/DataObject.php(2438): DB_common->query("SELECT a.id as `id`\nFROM civicrm_activity_contact a\nWHERE (`a`.`contact_id`...")
#10 /var/www/html/drupalcivicrm/sites/all/modules/civicrm/packages/DB/DataObject.php(1627): DB_DataObject->_query("SELECT a.id as `id`\nFROM civicrm_activity_contact a\nWHERE (`a`.`contact_id`...")
#11 /var/www/html/drupalcivicrm/sites/all/modules/civicrm/CRM/Core/DAO.php(354): DB_DataObject->query("SELECT a.id as `id`\nFROM civicrm_activity_contact a\nWHERE (`a`.`contact_id`...")
#12 /var/www/html/drupalcivicrm/sites/all/modules/civicrm/CRM/Core/DAO.php(1297): CRM_Core_DAO->query("SELECT a.id as `id`\nFROM civicrm_activity_contact a\nWHERE (`a`.`contact_id`...", TRUE)
#13 /var/www/html/drupalcivicrm/sites/all/modules/civicrm/Civi/API/SelectQuery.php(143): CRM_Core_DAO::executeQuery("SELECT a.id as `id`\nFROM civicrm_activity_contact a\nWHERE (`a`.`contact_id`...")
#14 /var/www/html/drupalcivicrm/sites/all/modules/civicrm/api/v3/utils.php(1247): Civi\API\SelectQuery->run()
#15 /var/www/html/drupalcivicrm/sites/all/modules/civicrm/api/v3/ActivityContact.php(81): _civicrm_api3_basic_get("CRM_Activity_BAO_ActivityContact", (Array:7))
#16 /var/www/html/drupalcivicrm/sites/all/modules/civicrm/Civi/API/Provider/MagicFunctionProvider.php(89): civicrm_api3_activity_contact_get((Array:7))
#17 /var/www/html/drupalcivicrm/sites/all/modules/civicrm/Civi/API/Kernel.php(161): Civi\API\Provider\MagicFunctionProvider->invoke((Array:9))
#18 /var/www/html/drupalcivicrm/sites/all/modules/civicrm/Civi/API/Kernel.php(92): Civi\API\Kernel->runRequest((Array:9))
#19 /var/www/html/drupalcivicrm/sites/all/modules/civicrm/api/api.php(23): Civi\API\Kernel->runSafe("ActivityContact", "get", (Array:7), NULL)
#20 /var/www/html/drupalcivicrm/sites/all/modules/civicrm/CRM/Utils/REST.php(404): civicrm_api("ActivityContact", "get", (Array:7))
#21 /var/www/html/drupalcivicrm/sites/all/modules/civicrm/CRM/Utils/REST.php(641): CRM_Utils_REST::process((Array:3), (Array:7))
#22 /var/www/html/drupalcivicrm/sites/all/modules/civicrm/CRM/Core/Invoke.php(276): CRM_Utils_REST::ajax()
#23 /var/www/html/drupalcivicrm/sites/all/modules/civicrm/CRM/Core/Invoke.php(84): CRM_Core_Invoke::runItem((Array:12))
#24 /var/www/html/drupalcivicrm/sites/all/modules/civicrm/CRM/Core/Invoke.php(52): CRM_Core_Invoke::_invoke((Array:3))
#25 /var/www/html/drupalcivicrm/sites/all/modules/civicrm/drupal/civicrm.module(448): CRM_Core_Invoke::invoke((Array:3))
#26 /var/www/html/drupalcivicrm/includes/menu.inc(527): civicrm_invoke("ajax", "rest")
#27 /var/www/html/drupalcivicrm/index.php(21): menu_execute_active_handler()
#28 {main}


Feb 01 18:35:58  [info] $Fatal Error Details = Array
(
    [callback] => Array
        (
            [0] => CRM_Core_Error
            [1] => exceptionHandler
        )

    [code] => -2
    [message] => DB Error: syntax error
    [mode] => 16
    [debug_info] => SELECT a.id as `id`, a.activity_id as `activity_id`, a.contact_id as `contact_id`, a.record_type_id as `record_type_id`
FROM civicrm_activity_contact a
LIMIT -1
OFFSET 0
 [nativecode=1064 ** You have an error in your SQL syntax; check the manual that corresponds to your MySQL server version for the right syntax to use near '-1
OFFSET 0' at line 3]
    [type] => DB_Error
    [user_info] => SELECT a.id as `id`, a.activity_id as `activity_id`, a.contact_id as `contact_id`, a.record_type_id as `record_type_id`
FROM civicrm_activity_contact a
LIMIT -1
OFFSET 0
 [nativecode=1064 ** You have an error in your SQL syntax; check the manual that corresponds to your MySQL server version for the right syntax to use near '-1
OFFSET 0' at line 3]
    [to_string] => [db_error: message="DB Error: syntax error" code=-2 mode=callback callback=CRM_Core_Error::exceptionHandler prefix="" info="SELECT a.id as `id`, a.activity_id as `activity_id`, a.contact_id as `contact_id`, a.record_type_id as `record_type_id`
FROM civicrm_activity_contact a
LIMIT -1
OFFSET 0
 [nativecode=1064 ** You have an error in your SQL syntax; check the manual that corresponds to your MySQL server version for the right syntax to use near '-1
OFFSET 0' at line 3]"]
)


Feb 01 18:35:58  [info] $backTrace = #0 /var/www/html/drupalcivicrm/sites/all/modules/civicrm/CRM/Core/Error.php(932): CRM_Core_Error::backtrace("backTrace", TRUE)
#1 /var/www/html/drupalcivicrm/sites/all/modules/civicrm/packages/PEAR.php(921): CRM_Core_Error::exceptionHandler(Object(DB_Error))
#2 /var/www/html/drupalcivicrm/sites/all/modules/civicrm/packages/DB.php(984): PEAR_Error->__construct("DB Error: syntax error", -2, 16, (Array:2), "SELECT a.id as `id`, a.activity_id as `activity_id`, a.contact_id as `contact...")
#3 /var/www/html/drupalcivicrm/sites/all/modules/civicrm/packages/PEAR.php(575): DB_Error->__construct(-2, 16, (Array:2), "SELECT a.id as `id`, a.activity_id as `activity_id`, a.contact_id as `contact...")
#4 /var/www/html/drupalcivicrm/sites/all/modules/civicrm/packages/PEAR.php(223): PEAR->_raiseError(Object(DB_mysqli), NULL, -2, 16, (Array:2), "SELECT a.id as `id`, a.activity_id as `activity_id`, a.contact_id as `contact...", "DB_Error", TRUE)
#5 /var/www/html/drupalcivicrm/sites/all/modules/civicrm/packages/DB/common.php(1905): PEAR->__call("raiseError", (Array:7))
#6 /var/www/html/drupalcivicrm/sites/all/modules/civicrm/packages/DB/mysqli.php(933): DB_common->raiseError(-2, NULL, NULL, "SELECT a.id as `id`, a.activity_id as `activity_id`, a.contact_id as `contact...", "1064 ** You have an error in your SQL syntax; check the manual that correspon...")
#7 /var/www/html/drupalcivicrm/sites/all/modules/civicrm/packages/DB/mysqli.php(403): DB_mysqli->mysqliRaiseError()
#8 /var/www/html/drupalcivicrm/sites/all/modules/civicrm/packages/DB/common.php(1216): DB_mysqli->simpleQuery("SELECT a.id as `id`, a.activity_id as `activity_id`, a.contact_id as `contact...")
#9 /var/www/html/drupalcivicrm/sites/all/modules/civicrm/packages/DB/DataObject.php(2438): DB_common->query("SELECT a.id as `id`, a.activity_id as `activity_id`, a.contact_id as `contact...")
#10 /var/www/html/drupalcivicrm/sites/all/modules/civicrm/packages/DB/DataObject.php(1627): DB_DataObject->_query("SELECT a.id as `id`, a.activity_id as `activity_id`, a.contact_id as `contact...")
#11 /var/www/html/drupalcivicrm/sites/all/modules/civicrm/CRM/Core/DAO.php(354): DB_DataObject->query("SELECT a.id as `id`, a.activity_id as `activity_id`, a.contact_id as `contact...")
#12 /var/www/html/drupalcivicrm/sites/all/modules/civicrm/CRM/Core/DAO.php(1297): CRM_Core_DAO->query("SELECT a.id as `id`, a.activity_id as `activity_id`, a.contact_id as `contact...", TRUE)
#13 /var/www/html/drupalcivicrm/sites/all/modules/civicrm/Civi/API/SelectQuery.php(143): CRM_Core_DAO::executeQuery("SELECT a.id as `id`, a.activity_id as `activity_id`, a.contact_id as `contact...")
#14 /var/www/html/drupalcivicrm/sites/all/modules/civicrm/api/v3/utils.php(1247): Civi\API\SelectQuery->run()
#15 /var/www/html/drupalcivicrm/sites/all/modules/civicrm/api/v3/ActivityContact.php(81): _civicrm_api3_basic_get("CRM_Activity_BAO_ActivityContact", (Array:4))
#16 /var/www/html/drupalcivicrm/sites/all/modules/civicrm/Civi/API/Provider/MagicFunctionProvider.php(89): civicrm_api3_activity_contact_get((Array:4))
#17 /var/www/html/drupalcivicrm/sites/all/modules/civicrm/Civi/API/Kernel.php(161): Civi\API\Provider\MagicFunctionProvider->invoke((Array:9))
#18 /var/www/html/drupalcivicrm/sites/all/modules/civicrm/Civi/API/Kernel.php(92): Civi\API\Kernel->runRequest((Array:9))
#19 /var/www/html/drupalcivicrm/sites/all/modules/civicrm/api/api.php(23): Civi\API\Kernel->runSafe("ActivityContact", "get", (Array:4), NULL)
#20 /var/www/html/drupalcivicrm/sites/all/modules/civicrm/CRM/Utils/REST.php(404): civicrm_api("ActivityContact", "get", (Array:4))
#21 /var/www/html/drupalcivicrm/sites/all/modules/civicrm/CRM/Utils/REST.php(641): CRM_Utils_REST::process((Array:3), (Array:4))
#22 /var/www/html/drupalcivicrm/sites/all/modules/civicrm/CRM/Core/Invoke.php(276): CRM_Utils_REST::ajax()
#23 /var/www/html/drupalcivicrm/sites/all/modules/civicrm/CRM/Core/Invoke.php(84): CRM_Core_Invoke::runItem((Array:12))
#24 /var/www/html/drupalcivicrm/sites/all/modules/civicrm/CRM/Core/Invoke.php(52): CRM_Core_Invoke::_invoke((Array:3))
#25 /var/www/html/drupalcivicrm/sites/all/modules/civicrm/drupal/civicrm.module(448): CRM_Core_Invoke::invoke((Array:3))
#26 /var/www/html/drupalcivicrm/includes/menu.inc(527): civicrm_invoke("ajax", "rest")
#27 /var/www/html/drupalcivicrm/index.php(21): menu_execute_active_handler()
#28 {main}


Feb 01 18:36:16  [info] $Fatal Error Details = Array
(
    [callback] => Array
        (
            [0] => CRM_Core_Error
            [1] => exceptionHandler
        )

    [code] => -2
    [message] => DB Error: syntax error
    [mode] => 16
    [debug_info] => SELECT a.id as `id`, a.activity_id as `activity_id`, a.contact_id as `contact_id`, a.record_type_id as `record_type_id`
FROM civicrm_activity_contact a
LIMIT -1
OFFSET 0
 [nativecode=1064 ** You have an error in your SQL syntax; check the manual that corresponds to your MySQL server version for the right syntax to use near '-1
OFFSET 0' at line 3]
    [type] => DB_Error
    [user_info] => SELECT a.id as `id`, a.activity_id as `activity_id`, a.contact_id as `contact_id`, a.record_type_id as `record_type_id`
FROM civicrm_activity_contact a
LIMIT -1
OFFSET 0
 [nativecode=1064 ** You have an error in your SQL syntax; check the manual that corresponds to your MySQL server version for the right syntax to use near '-1
OFFSET 0' at line 3]
    [to_string] => [db_error: message="DB Error: syntax error" code=-2 mode=callback callback=CRM_Core_Error::exceptionHandler prefix="" info="SELECT a.id as `id`, a.activity_id as `activity_id`, a.contact_id as `contact_id`, a.record_type_id as `record_type_id`
FROM civicrm_activity_contact a
LIMIT -1
OFFSET 0
 [nativecode=1064 ** You have an error in your SQL syntax; check the manual that corresponds to your MySQL server version for the right syntax to use near '-1
OFFSET 0' at line 3]"]
)


Feb 01 18:36:16  [info] $backTrace = #0 /var/www/html/drupalcivicrm/sites/all/modules/civicrm/CRM/Core/Error.php(932): CRM_Core_Error::backtrace("backTrace", TRUE)
#1 /var/www/html/drupalcivicrm/sites/all/modules/civicrm/packages/PEAR.php(921): CRM_Core_Error::exceptionHandler(Object(DB_Error))
#2 /var/www/html/drupalcivicrm/sites/all/modules/civicrm/packages/DB.php(984): PEAR_Error->__construct("DB Error: syntax error", -2, 16, (Array:2), "SELECT a.id as `id`, a.activity_id as `activity_id`, a.contact_id as `contact...")
#3 /var/www/html/drupalcivicrm/sites/all/modules/civicrm/packages/PEAR.php(575): DB_Error->__construct(-2, 16, (Array:2), "SELECT a.id as `id`, a.activity_id as `activity_id`, a.contact_id as `contact...")
#4 /var/www/html/drupalcivicrm/sites/all/modules/civicrm/packages/PEAR.php(223): PEAR->_raiseError(Object(DB_mysqli), NULL, -2, 16, (Array:2), "SELECT a.id as `id`, a.activity_id as `activity_id`, a.contact_id as `contact...", "DB_Error", TRUE)
#5 /var/www/html/drupalcivicrm/sites/all/modules/civicrm/packages/DB/common.php(1905): PEAR->__call("raiseError", (Array:7))
#6 /var/www/html/drupalcivicrm/sites/all/modules/civicrm/packages/DB/mysqli.php(933): DB_common->raiseError(-2, NULL, NULL, "SELECT a.id as `id`, a.activity_id as `activity_id`, a.contact_id as `contact...", "1064 ** You have an error in your SQL syntax; check the manual that correspon...")
#7 /var/www/html/drupalcivicrm/sites/all/modules/civicrm/packages/DB/mysqli.php(403): DB_mysqli->mysqliRaiseError()
#8 /var/www/html/drupalcivicrm/sites/all/modules/civicrm/packages/DB/common.php(1216): DB_mysqli->simpleQuery("SELECT a.id as `id`, a.activity_id as `activity_id`, a.contact_id as `contact...")
#9 /var/www/html/drupalcivicrm/sites/all/modules/civicrm/packages/DB/DataObject.php(2438): DB_common->query("SELECT a.id as `id`, a.activity_id as `activity_id`, a.contact_id as `contact...")
#10 /var/www/html/drupalcivicrm/sites/all/modules/civicrm/packages/DB/DataObject.php(1627): DB_DataObject->_query("SELECT a.id as `id`, a.activity_id as `activity_id`, a.contact_id as `contact...")
#11 /var/www/html/drupalcivicrm/sites/all/modules/civicrm/CRM/Core/DAO.php(354): DB_DataObject->query("SELECT a.id as `id`, a.activity_id as `activity_id`, a.contact_id as `contact...")
#12 /var/www/html/drupalcivicrm/sites/all/modules/civicrm/CRM/Core/DAO.php(1297): CRM_Core_DAO->query("SELECT a.id as `id`, a.activity_id as `activity_id`, a.contact_id as `contact...", TRUE)
#13 /var/www/html/drupalcivicrm/sites/all/modules/civicrm/Civi/API/SelectQuery.php(143): CRM_Core_DAO::executeQuery("SELECT a.id as `id`, a.activity_id as `activity_id`, a.contact_id as `contact...")
#14 /var/www/html/drupalcivicrm/sites/all/modules/civicrm/api/v3/utils.php(1247): Civi\API\SelectQuery->run()
#15 /var/www/html/drupalcivicrm/sites/all/modules/civicrm/api/v3/ActivityContact.php(81): _civicrm_api3_basic_get("CRM_Activity_BAO_ActivityContact", (Array:4))
#16 /var/www/html/drupalcivicrm/sites/all/modules/civicrm/Civi/API/Provider/MagicFunctionProvider.php(89): civicrm_api3_activity_contact_get((Array:4))
#17 /var/www/html/drupalcivicrm/sites/all/modules/civicrm/Civi/API/Kernel.php(161): Civi\API\Provider\MagicFunctionProvider->invoke((Array:9))
#18 /var/www/html/drupalcivicrm/sites/all/modules/civicrm/Civi/API/Kernel.php(92): Civi\API\Kernel->runRequest((Array:9))
#19 /var/www/html/drupalcivicrm/sites/all/modules/civicrm/api/api.php(23): Civi\API\Kernel->runSafe("ActivityContact", "get", (Array:4), NULL)
#20 /var/www/html/drupalcivicrm/sites/all/modules/civicrm/CRM/Utils/REST.php(404): civicrm_api("ActivityContact", "get", (Array:4))
#21 /var/www/html/drupalcivicrm/sites/all/modules/civicrm/CRM/Utils/REST.php(641): CRM_Utils_REST::process((Array:3), (Array:4))
#22 /var/www/html/drupalcivicrm/sites/all/modules/civicrm/CRM/Core/Invoke.php(276): CRM_Utils_REST::ajax()
#23 /var/www/html/drupalcivicrm/sites/all/modules/civicrm/CRM/Core/Invoke.php(84): CRM_Core_Invoke::runItem((Array:12))
#24 /var/www/html/drupalcivicrm/sites/all/modules/civicrm/CRM/Core/Invoke.php(52): CRM_Core_Invoke::_invoke((Array:3))
#25 /var/www/html/drupalcivicrm/sites/all/modules/civicrm/drupal/civicrm.module(448): CRM_Core_Invoke::invoke((Array:3))
#26 /var/www/html/drupalcivicrm/includes/menu.inc(527): civicrm_invoke("ajax", "rest")
#27 /var/www/html/drupalcivicrm/index.php(21): menu_execute_active_handler()
#28 {main}


Feb 02 16:32:34  [info] $Fatal Error Details = Array
(
    [message] => You do not have permission to access this page.
    [code] => 
)


Feb 02 16:32:34  [info] $backTrace = #0 /var/www/html/drupalcivicrm/sites/all/modules/civicrm/CRM/Core/Error.php(373): CRM_Core_Error::backtrace("backTrace", TRUE)
#1 /var/www/html/drupalcivicrm/sites/all/modules/civicrm/CRM/Activity/Form/Activity.php(288): CRM_Core_Error::fatal("You do not have permission to access this page.")
#2 /var/www/html/drupalcivicrm/sites/all/modules/civicrm/CRM/Core/Form.php(531): CRM_Activity_Form_Activity->preProcess()
#3 /var/www/html/drupalcivicrm/sites/all/modules/civicrm/CRM/Core/QuickForm/Action/Display.php(92): CRM_Core_Form->buildForm()
#4 /var/www/html/drupalcivicrm/sites/all/modules/civicrm/packages/HTML/QuickForm/Controller.php(203): CRM_Core_QuickForm_Action_Display->perform(Object(CRM_Activity_Form_Activity), "display")
#5 /var/www/html/drupalcivicrm/sites/all/modules/civicrm/packages/HTML/QuickForm/Page.php(103): HTML_QuickForm_Controller->handle(Object(CRM_Activity_Form_Activity), "display")
#6 /var/www/html/drupalcivicrm/sites/all/modules/civicrm/CRM/Core/Controller.php(351): HTML_QuickForm_Page->handle("display")
#7 /var/www/html/drupalcivicrm/sites/all/modules/civicrm/CRM/Utils/Wrapper.php(113): CRM_Core_Controller->run()
#8 /var/www/html/drupalcivicrm/sites/all/modules/civicrm/CRM/Core/Invoke.php(283): CRM_Utils_Wrapper->run("CRM_Activity_Form_Activity", "Activities", (Array:1))
#9 /var/www/html/drupalcivicrm/sites/all/modules/civicrm/CRM/Core/Invoke.php(84): CRM_Core_Invoke::runItem((Array:14))
#10 /var/www/html/drupalcivicrm/sites/all/modules/civicrm/CRM/Core/Invoke.php(52): CRM_Core_Invoke::_invoke((Array:3))
#11 /var/www/html/drupalcivicrm/sites/all/modules/civicrm/drupal/civicrm.module(448): CRM_Core_Invoke::invoke((Array:3))
#12 /var/www/html/drupalcivicrm/includes/menu.inc(527): civicrm_invoke("activity", "add")
#13 /var/www/html/drupalcivicrm/index.php(21): menu_execute_active_handler()
#14 {main}


